50
5 19 3 9 4 31 89
15 16 13 7 4 31 42
13 14 20 1 15 17 73
8 19 4 11 1 1 12
18 1 13 7 14 46 57
17 8 15 16 18 14 46
8 8 15 10 1 26 71
4 6 10 4 11 46 101
17 14 17 7 10 18 65
16 17 13 19 2 30 55
13 14 6 12 18 44 103
12 3 15 17 4 49 69
17 13 12 16 1 30 42
10 20 19 19 13 41 61
6 17 8 1 7 34 79
8 13 17 12 19 22 61
9 18 20 1 13 50 107
17 5 17 18 7 27 40
16 12 19 18 7 32 68
16 12 14 12 1 34 78
20 20 11 15 20 1 25
6 18 19 6 3 35 61
2 3 3 1 15 0 58
9 8 9 4 20 11 43
10 3 6 6 9 33 53
9 10 15 11 16 30 47
1 10 13 11 14 50 72
9 4 9 17 7 38 75
1 8 1 13 5 2 58
6 15 17 14 18 14 64
17 15 8 17 1 25 78
19 11 14 2 10 8 31
2 10 3 3 10 19 76
6 14 19 9 5 0 45
2 19 7 19 15 10 69
20 17 2 13 7 22 38
7 19 14 19 7 31 47
13 10 17 16 1 20 69
13 10 1 6 7 20 66
5 11 14 7 9 43 59
13 18 12 18 16 49 93
8 3 2 3 5 10 30
18 7 9 11 20 32 58
12 11 11 4 10 15 63
16 5 19 18 4 20 32
14 3 13 5 5 21 38
20 19 13 3 19 35 59
19 3 9 12 10 36 80
4 15 9 4 2 18 28
20 1 3 14 4 50 62
